<?xml version="1.0" encoding="UTF-8"?>
<testsuite name="com.galvanize.integration.RoomsApiIntegrationTest" tests="1" skipped="0" failures="0" errors="0" timestamp="2016-01-14T12:24:50" hostname="compozed-ani-12" time="0.258">
  <properties/>
  <testcase name="getRoomReturns404WhenRoomNotFound" classname="com.galvanize.integration.RoomsApiIntegrationTest" time="0.258"/>
  <system-out><![CDATA[12:24:47.898 [Test worker] DEBUG o.s.t.c.j.SpringJUnit4ClassRunner - SpringJUnit4ClassRunner constructor called with [class com.galvanize.integration.RoomsApiIntegrationTest]
12:24:47.902 [Test worker] DEBUG o.s.test.context.BootstrapUtils - Instantiating CacheAwareContextLoaderDelegate from class [org.springframework.test.context.cache.DefaultCacheAwareContextLoaderDelegate]
12:24:47.905 [Test worker] DEBUG o.s.test.context.BootstrapUtils - Instantiating BootstrapContext using constructor [public org.springframework.test.context.support.DefaultBootstrapContext(java.lang.Class,org.springframework.test.context.CacheAwareContextLoaderDelegate)]
12:24:47.913 [Test worker] DEBUG o.s.test.context.BootstrapUtils - Instantiating TestContextBootstrapper for test class [com.galvanize.integration.RoomsApiIntegrationTest] from class [org.springframework.boot.test.WebAppIntegrationTestContextBootstrapper]
12:24:47.927 [Test worker] DEBUG o.s.b.t.WebAppIntegrationTestContextBootstrapper - Found explicit ContextLoader class [org.springframework.boot.test.SpringApplicationContextLoader] for context configuration attributes [ContextConfigurationAttributes@4cf640a7 declaringClass = 'com.galvanize.integration.RoomsApiIntegrationTest', classes = '{class com.galvanize.Application}', locations = '{}', inheritLocations = true, initializers = '{}', inheritInitializers = true, name = [null], contextLoaderClass = 'org.springframework.boot.test.SpringApplicationContextLoader']
12:24:47.931 [Test worker] DEBUG o.s.t.c.s.AbstractContextLoader - Did not detect default resource location for test class [com.galvanize.integration.RoomsApiIntegrationTest]: class path resource [com/galvanize/integration/RoomsApiIntegrationTest-context.xml] does not exist
12:24:47.932 [Test worker] DEBUG o.s.t.c.s.AbstractContextLoader - Did not detect default resource location for test class [com.galvanize.integration.RoomsApiIntegrationTest]: class path resource [com/galvanize/integration/RoomsApiIntegrationTestContext.groovy] does not exist
12:24:47.932 [Test worker] INFO  o.s.t.c.s.AbstractContextLoader - Could not detect default resource locations for test class [com.galvanize.integration.RoomsApiIntegrationTest]: no resource found for suffixes {-context.xml, Context.groovy}.
12:24:47.934 [Test worker] DEBUG o.s.t.c.support.ActiveProfilesUtils - Could not find an 'annotation declaring class' for annotation type [org.springframework.test.context.ActiveProfiles] and class [com.galvanize.integration.RoomsApiIntegrationTest]
12:24:47.937 [Test worker] DEBUG o.s.test.util.ReflectionTestUtils - Setting field 'propertySourceProperties' of type [null] on target object [[WebMergedContextConfiguration@28959de9 testClass = RoomsApiIntegrationTest, locations = '{}', classes = '{class com.galvanize.Application}', contextInitializerClasses = '[]', activeProfiles = '{}', propertySourceLocations = '{}', propertySourceProperties = '{}', resourceBasePath = '', contextLoader = 'org.springframework.boot.test.SpringApplicationContextLoader', parent = [null]]] or target class [class org.springframework.test.context.web.WebMergedContextConfiguration] to value [[Ljava.lang.String;@4d1c37c1]
12:24:47.938 [Test worker] DEBUG o.s.b.t.WebAppIntegrationTestContextBootstrapper - @TestExecutionListeners is not present for class [com.galvanize.integration.RoomsApiIntegrationTest]: using defaults.
12:24:47.943 [Test worker] INFO  o.s.b.t.WebAppIntegrationTestContextBootstrapper - Loaded default TestExecutionListener class names from location [META-INF/spring.factories]: [org.springframework.test.context.web.ServletTestExecutionListener, org.springframework.test.context.support.DirtiesContextBeforeModesTestExecutionListener, org.springframework.test.context.support.DependencyInjectionTestExecutionListener, org.springframework.test.context.support.DirtiesContextTestExecutionListener, org.springframework.test.context.transaction.TransactionalTestExecutionListener, org.springframework.test.context.jdbc.SqlScriptsTestExecutionListener]
12:24:47.954 [Test worker] INFO  o.s.b.t.WebAppIntegrationTestContextBootstrapper - Using TestExecutionListeners: [org.springframework.test.context.web.ServletTestExecutionListener@6f4695dd, org.springframework.test.context.support.DirtiesContextBeforeModesTestExecutionListener@44da6fd2, org.springframework.test.context.support.DependencyInjectionTestExecutionListener@5580bec2, org.springframework.test.context.support.DirtiesContextTestExecutionListener@602e9a23, org.springframework.test.context.transaction.TransactionalTestExecutionListener@3b1d0386, org.springframework.test.context.jdbc.SqlScriptsTestExecutionListener@2c2e4fc8]
12:24:47.958 [Test worker] DEBUG o.s.t.annotation.ProfileValueUtils - Retrieved @ProfileValueSourceConfiguration [null] for test class [com.galvanize.integration.RoomsApiIntegrationTest]
12:24:47.958 [Test worker] DEBUG o.s.t.annotation.ProfileValueUtils - Retrieved ProfileValueSource type [class org.springframework.test.annotation.SystemProfileValueSource] for class [com.galvanize.integration.RoomsApiIntegrationTest]
12:24:47.960 [Test worker] DEBUG o.s.t.annotation.ProfileValueUtils - Retrieved @ProfileValueSourceConfiguration [null] for test class [com.galvanize.integration.RoomsApiIntegrationTest]
12:24:47.960 [Test worker] DEBUG o.s.t.annotation.ProfileValueUtils - Retrieved ProfileValueSource type [class org.springframework.test.annotation.SystemProfileValueSource] for class [com.galvanize.integration.RoomsApiIntegrationTest]
12:24:47.961 [Test worker] DEBUG o.s.t.annotation.ProfileValueUtils - Retrieved @ProfileValueSourceConfiguration [null] for test class [com.galvanize.integration.RoomsApiIntegrationTest]
12:24:47.961 [Test worker] DEBUG o.s.t.annotation.ProfileValueUtils - Retrieved ProfileValueSource type [class org.springframework.test.annotation.SystemProfileValueSource] for class [com.galvanize.integration.RoomsApiIntegrationTest]
12:24:47.962 [Test worker] DEBUG o.s.t.c.s.AbstractDirtiesContextTestExecutionListener - Before test class: context [DefaultTestContext@44fdda68 testClass = RoomsApiIntegrationTest, testInstance = [null], testMethod = [null], testException = [null], mergedContextConfiguration = [WebMergedContextConfiguration@28959de9 testClass = RoomsApiIntegrationTest, locations = '{}', classes = '{class com.galvanize.Application}', contextInitializerClasses = '[]', activeProfiles = '{}', propertySourceLocations = '{}', propertySourceProperties = '{server.port:9000, org.springframework.boot.test.IntegrationTest=true}', resourceBasePath = '', contextLoader = 'org.springframework.boot.test.SpringApplicationContextLoader', parent = [null]]], class annotated with @DirtiesContext [false] with mode [null].
12:24:47.963 [Test worker] DEBUG o.s.t.annotation.ProfileValueUtils - Retrieved @ProfileValueSourceConfiguration [null] for test class [com.galvanize.integration.RoomsApiIntegrationTest]
12:24:47.963 [Test worker] DEBUG o.s.t.annotation.ProfileValueUtils - Retrieved ProfileValueSource type [class org.springframework.test.annotation.SystemProfileValueSource] for class [com.galvanize.integration.RoomsApiIntegrationTest]
12:24:48.124 [Test worker] DEBUG o.s.t.c.s.DependencyInjectionTestExecutionListener - Performing dependency injection for test context [[DefaultTestContext@44fdda68 testClass = RoomsApiIntegrationTest, testInstance = com.galvanize.integration.RoomsApiIntegrationTest@59b42969, testMethod = [null], testException = [null], mergedContextConfiguration = [WebMergedContextConfiguration@28959de9 testClass = RoomsApiIntegrationTest, locations = '{}', classes = '{class com.galvanize.Application}', contextInitializerClasses = '[]', activeProfiles = '{}', propertySourceLocations = '{}', propertySourceProperties = '{server.port:9000, org.springframework.boot.test.IntegrationTest=true}', resourceBasePath = '', contextLoader = 'org.springframework.boot.test.SpringApplicationContextLoader', parent = [null]]]].
12:24:48.165 [Test worker] DEBUG o.s.core.env.StandardEnvironment - Adding [systemProperties] PropertySource with lowest search precedence
12:24:48.166 [Test worker] DEBUG o.s.core.env.StandardEnvironment - Adding [systemEnvironment] PropertySource with lowest search precedence
12:24:48.167 [Test worker] DEBUG o.s.core.env.StandardEnvironment - Initialized StandardEnvironment with PropertySources [systemProperties,systemEnvironment]
12:24:48.168 [Test worker] DEBUG o.s.core.env.StandardEnvironment - Adding [integrationTest] PropertySource with search precedence immediately lower than [systemEnvironment]

  .   ____          _            __ _ _
 /\\ / ___'_ __ _ _(_)_ __  __ _ \ \ \ \
( ( )\___ | '_ | '_| | '_ \/ _` | \ \ \ \
 \\/  ___)| |_)| | | | | || (_| |  ) ) ) )
  '  |____| .__|_| |_|_| |_\__, | / / / /
 =========|_|==============|___/=/_/_/_/
 :: Spring Boot ::        (v1.3.1.RELEASE)

2016-01-14 12:24:48.408  INFO 62968 --- [    Test worker] c.g.integration.RoomsApiIntegrationTest  : Starting RoomsApiIntegrationTest on compozed-ani-12 with PID 62968 (/Users/localadmin/workspace/xp_tdd_rest_api_in_class/build/classes/test started by localadmin in /Users/localadmin/workspace/xp_tdd_rest_api_in_class)
2016-01-14 12:24:48.409  INFO 62968 --- [    Test worker] c.g.integration.RoomsApiIntegrationTest  : No active profile set, falling back to default profiles: default
2016-01-14 12:24:48.436  INFO 62968 --- [    Test worker] ationConfigEmbeddedWebApplicationContext : Refreshing org.springframework.boot.context.embedded.AnnotationConfigEmbeddedWebApplicationContext@7e10ee4: startup date [Thu Jan 14 12:24:48 GMT 2016]; root of context hierarchy
2016-01-14 12:24:48.979  INFO 62968 --- [    Test worker] o.s.b.f.s.DefaultListableBeanFactory     : Overriding bean definition for bean 'beanNameViewResolver' with a different definition: replacing [Root bean: class [null]; scope=; abstract=false; lazyInit=false; autowireMode=3; dependencyCheck=0; autowireCandidate=true; primary=false; factoryBeanName=org.springframework.boot.autoconfigure.web.ErrorMvcAutoConfiguration$WhitelabelErrorViewConfiguration; factoryMethodName=beanNameViewResolver; initMethodName=null; destroyMethodName=(inferred); defined in class path resource [org/springframework/boot/autoconfigure/web/ErrorMvcAutoConfiguration$WhitelabelErrorViewConfiguration.class]] with [Root bean: class [null]; scope=; abstract=false; lazyInit=false; autowireMode=3; dependencyCheck=0; autowireCandidate=true; primary=false; factoryBeanName=org.springframework.boot.autoconfigure.web.WebMvcAutoConfiguration$WebMvcAutoConfigurationAdapter; factoryMethodName=beanNameViewResolver; initMethodName=null; destroyMethodName=(inferred); defined in class path resource [org/springframework/boot/autoconfigure/web/WebMvcAutoConfiguration$WebMvcAutoConfigurationAdapter.class]]
2016-01-14 12:24:49.454  INFO 62968 --- [    Test worker] s.b.c.e.t.TomcatEmbeddedServletContainer : Tomcat initialized with port(s): 9000 (http)
2016-01-14 12:24:49.464  INFO 62968 --- [    Test worker] o.apache.catalina.core.StandardService   : Starting service Tomcat
2016-01-14 12:24:49.466  INFO 62968 --- [    Test worker] org.apache.catalina.core.StandardEngine  : Starting Servlet Engine: Apache Tomcat/8.0.30
2016-01-14 12:24:49.532  INFO 62968 --- [ost-startStop-1] o.a.c.c.C.[Tomcat].[localhost].[/]       : Initializing Spring embedded WebApplicationContext
2016-01-14 12:24:49.533  INFO 62968 --- [ost-startStop-1] o.s.web.context.ContextLoader            : Root WebApplicationContext: initialization completed in 1100 ms
2016-01-14 12:24:49.716  INFO 62968 --- [ost-startStop-1] o.s.b.c.e.ServletRegistrationBean        : Mapping servlet: 'dispatcherServlet' to [/]
2016-01-14 12:24:49.719  INFO 62968 --- [ost-startStop-1] o.s.b.c.embedded.FilterRegistrationBean  : Mapping filter: 'characterEncodingFilter' to: [/*]
2016-01-14 12:24:49.719  INFO 62968 --- [ost-startStop-1] o.s.b.c.embedded.FilterRegistrationBean  : Mapping filter: 'hiddenHttpMethodFilter' to: [/*]
2016-01-14 12:24:49.720  INFO 62968 --- [ost-startStop-1] o.s.b.c.embedded.FilterRegistrationBean  : Mapping filter: 'httpPutFormContentFilter' to: [/*]
2016-01-14 12:24:49.720  INFO 62968 --- [ost-startStop-1] o.s.b.c.embedded.FilterRegistrationBean  : Mapping filter: 'requestContextFilter' to: [/*]
2016-01-14 12:24:50.113  INFO 62968 --- [    Test worker] s.w.s.m.m.a.RequestMappingHandlerAdapter : Looking for @ControllerAdvice: org.springframework.boot.context.embedded.AnnotationConfigEmbeddedWebApplicationContext@7e10ee4: startup date [Thu Jan 14 12:24:48 GMT 2016]; root of context hierarchy
2016-01-14 12:24:50.158  INFO 62968 --- [    Test worker] s.w.s.m.m.a.RequestMappingHandlerMapping : Mapped "{[/rooms],methods=[POST]}" onto public com.galvanize.models.Room com.galvanize.controllers.RoomsController.createRoom(com.galvanize.models.Room)
2016-01-14 12:24:50.159  INFO 62968 --- [    Test worker] s.w.s.m.m.a.RequestMappingHandlerMapping : Mapped "{[/rooms],methods=[GET]}" onto public java.util.List com.galvanize.controllers.RoomsController.getAllRooms()
2016-01-14 12:24:50.160  INFO 62968 --- [    Test worker] s.w.s.m.m.a.RequestMappingHandlerMapping : Mapped "{[/rooms/{id}],methods=[GET]}" onto public com.galvanize.models.Room com.galvanize.controllers.RoomsController.getRoomById(java.lang.String) throws com.galvanize.exception.RoomNotFoundException
2016-01-14 12:24:50.169  INFO 62968 --- [    Test worker] s.w.s.m.m.a.RequestMappingHandlerMapping : Mapped "{[/error]}" onto public org.springframework.http.ResponseEntity<java.util.Map<java.lang.String, java.lang.Object>> org.springframework.boot.autoconfigure.web.BasicErrorController.error(javax.servlet.http.HttpServletRequest)
2016-01-14 12:24:50.170  INFO 62968 --- [    Test worker] s.w.s.m.m.a.RequestMappingHandlerMapping : Mapped "{[/error],produces=[text/html]}" onto public org.springframework.web.servlet.ModelAndView org.springframework.boot.autoconfigure.web.BasicErrorController.errorHtml(javax.servlet.http.HttpServletRequest,javax.servlet.http.HttpServletResponse)
2016-01-14 12:24:50.190  INFO 62968 --- [    Test worker] o.s.w.s.handler.SimpleUrlHandlerMapping  : Mapped URL path [/webjars/**] onto handler of type [class org.springframework.web.servlet.resource.ResourceHttpRequestHandler]
2016-01-14 12:24:50.190  INFO 62968 --- [    Test worker] o.s.w.s.handler.SimpleUrlHandlerMapping  : Mapped URL path [/**] onto handler of type [class org.springframework.web.servlet.resource.ResourceHttpRequestHandler]
2016-01-14 12:24:50.216  INFO 62968 --- [    Test worker] o.s.w.s.handler.SimpleUrlHandlerMapping  : Mapped URL path [/**/favicon.ico] onto handler of type [class org.springframework.web.servlet.resource.ResourceHttpRequestHandler]
2016-01-14 12:24:50.331  INFO 62968 --- [    Test worker] s.b.c.e.t.TomcatEmbeddedServletContainer : Tomcat started on port(s): 9000 (http)
2016-01-14 12:24:50.336  INFO 62968 --- [    Test worker] c.g.integration.RoomsApiIntegrationTest  : Started RoomsApiIntegrationTest in 2.164 seconds (JVM running for 2.966)
2016-01-14 12:24:50.506  INFO 62968 --- [nio-9000-exec-1] o.a.c.c.C.[Tomcat].[localhost].[/]       : Initializing Spring FrameworkServlet 'dispatcherServlet'
2016-01-14 12:24:50.506  INFO 62968 --- [nio-9000-exec-1] o.s.web.servlet.DispatcherServlet        : FrameworkServlet 'dispatcherServlet': initialization started
2016-01-14 12:24:50.516  INFO 62968 --- [nio-9000-exec-1] o.s.web.servlet.DispatcherServlet        : FrameworkServlet 'dispatcherServlet': initialization completed in 10 ms
....................................exception created without message.........................................
{"timestamp":1452774290552,"status":404,"error":"Not Found","exception":"com.galvanize.exception.RoomNotFoundException","message":"Room not found","path":"/rooms/badid"}
]]></system-out>
  <system-err><![CDATA[]]></system-err>
</testsuite>
